  STLCommonTool.cpp
E:\ZhuSenlin Program\Visual Studio 2019\VC\Tools\MSVC\14.26.28801\include\tuple(163,47): warning C4244: “初始化”: 从“_Ty”转换到“_Ty”，可能丢失数据
          with
          [
              _Ty=double
          ]
          and
          [
              _Ty=float
          ]
E:\ZhuSenlin Program\Visual Studio 2019\VC\Tools\MSVC\14.26.28801\include\tuple(234): message : 查看对正在编译的函数 模板 实例化“std::_Tuple_val<_This>::_Tuple_val<_Ty>(_Other &&)”的引用
          with
          [
              _This=float,
              _Ty=double,
              _Other=double
          ]
E:\ZhuSenlin Program\Visual Studio 2019\VC\Tools\MSVC\14.26.28801\include\tuple(234): message : 查看对正在编译的函数 模板 实例化“std::_Tuple_val<_This>::_Tuple_val<_Ty>(_Other &&)”的引用
          with
          [
              _This=float,
              _Ty=double,
              _Other=double
          ]
E:\ZhuSenlin Program\Visual Studio 2019\VC\Tools\MSVC\14.26.28801\include\tuple(234): message : 查看对正在编译的函数 模板 实例化“std::tuple<float>::tuple<std::_Exact_args_t,_Ty,,0>(_Tag,_This2 &&)”的引用
          with
          [
              _Ty=double,
              _Tag=std::_Exact_args_t,
              _This2=double
          ]
E:\ZhuSenlin Program\Visual Studio 2019\VC\Tools\MSVC\14.26.28801\include\tuple(234): message : 查看对正在编译的函数 模板 实例化“std::tuple<float>::tuple<std::_Exact_args_t,_Ty,,0>(_Tag,_This2 &&)”的引用
          with
          [
              _Ty=double,
              _Tag=std::_Exact_args_t,
              _This2=double
          ]
E:\ZhuSenlin Program\Visual Studio 2019\VC\Tools\MSVC\14.26.28801\include\tuple(315): message : 查看对正在编译的函数 模板 实例化“std::tuple<int,float>::tuple<std::_Exact_args_t,_Ty,double,0>(_Tag,_This2 &&,double &&)”的引用
          with
          [
              _Ty=int,
              _Tag=std::_Exact_args_t,
              _This2=int
          ]
E:\ZhuSenlin Program\Visual Studio 2019\VC\Tools\MSVC\14.26.28801\include\tuple(315): message : 查看对正在编译的函数 模板 实例化“std::tuple<int,float>::tuple<std::_Exact_args_t,_Ty,double,0>(_Tag,_This2 &&,double &&)”的引用
          with
          [
              _Ty=int,
              _Tag=std::_Exact_args_t,
              _This2=int
          ]
E:\ZhuSenlin Project\C++\STLCommonTool\STLCommonTool.cpp(47): message : 查看对正在编译的函数 模板 实例化“std::tuple<int,float>::tuple<int,double,0>(_This2 &&,double &&) noexcept”的引用
          with
          [
              _This2=int
          ]
E:\ZhuSenlin Project\C++\STLCommonTool\STLCommonTool.cpp(47): message : 查看对正在编译的函数 模板 实例化“std::tuple<int,float>::tuple<int,double,0>(_This2 &&,double &&) noexcept”的引用
          with
          [
              _This2=int
          ]
  STLCommonTool.vcxproj -> E:\ZhuSenlin Project\C++\C++Project\Debug\STLCommonTool.exe
